<?xml version="1.0" encoding="UTF-8"?>
<!-- Generated by org.testng.reporters.JUnitReportReporter -->
<testsuite hostname="DESKTOP-CP1OFPR" name="Sampleproject.E2Eproject.Homepage" tests="1" failures="0" timestamp="10 Apr 2021 16:25:32 GMT" time="4.542" errors="0">
  <testcase name="pagenavigation" time="4.542" classname="Sampleproject.E2Eproject.Homepage"/>
</testsuite> <!-- Sampleproject.E2Eproject.Homepage -->
